[2025-08-21 00:17:55.602] ERROR: uncaughtException: Route.get() requires a callback function but got a [object Object]
Error: Route.get() requires a callback function but got a [object Object]
    at Route.<computed> [as get] (/Users/bytedance/Desktop/backend(2)/backend/node_modules/express/lib/router/route.js:216:15)
    at proto.<computed> [as get] (/Users/bytedance/Desktop/backend(2)/backend/node_modules/express/lib/router/index.js:521:19)
    at Object.<anonymous> (/Users/bytedance/Desktop/backend(2)/backend/src/routes/userMemory.js:13:8)
    at Module._compile (node:internal/modules/cjs/loader:1738:14)
    at Object..js (node:internal/modules/cjs/loader:1871:10)
    at Module.load (node:internal/modules/cjs/loader:1470:32)
    at Module._load (node:internal/modules/cjs/loader:1290:12)
    at TracingChannel.traceSync (node:diagnostics_channel:322:14)
    at wrapModuleLoad (node:internal/modules/cjs/loader:238:24)
    at Module.require (node:internal/modules/cjs/loader:1493:12)
  {
  "error": {},
  "stack": "Error: Route.get() requires a callback function but got a [object Object]\n    at Route.<computed> [as get] (/Users/bytedance/Desktop/backend(2)/backend/node_modules/express/lib/router/route.js:216:15)\n    at proto.<computed> [as get] (/Users/bytedance/Desktop/backend(2)/backend/node_modules/express/lib/router/index.js:521:19)\n    at Object.<anonymous> (/Users/bytedance/Desktop/backend(2)/backend/src/routes/userMemory.js:13:8)\n    at Module._compile (node:internal/modules/cjs/loader:1738:14)\n    at Object..js (node:internal/modules/cjs/loader:1871:10)\n    at Module.load (node:internal/modules/cjs/loader:1470:32)\n    at Module._load (node:internal/modules/cjs/loader:1290:12)\n    at TracingChannel.traceSync (node:diagnostics_channel:322:14)\n    at wrapModuleLoad (node:internal/modules/cjs/loader:238:24)\n    at Module.require (node:internal/modules/cjs/loader:1493:12)",
  "exception": true,
  "date": "Thu Aug 21 2025 00:17:55 GMT+0800 (中国标准时间)",
  "process": {
    "pid": 27974,
    "uid": 501,
    "gid": 20,
    "cwd": "/Users/bytedance/Desktop/backend(2)/backend",
    "execPath": "/opt/homebrew/Cellar/node/24.5.0/bin/node",
    "version": "v24.5.0",
    "argv": [
      "/opt/homebrew/Cellar/node/24.5.0/bin/node",
      "/Users/bytedance/Desktop/backend(2)/backend/server.js"
    ],
    "memoryUsage": {
      "rss": 99532800,
      "heapTotal": 60571648,
      "heapUsed": 30157072,
      "external": 21588380,
      "arrayBuffers": 18264729
    }
  },
  "os": {
    "loadavg": [
      5.10791015625,
      4.8427734375,
      4.60888671875
    ],
    "uptime": 93667
  },
  "trace": [
    {
      "column": 15,
      "file": "/Users/bytedance/Desktop/backend(2)/backend/node_modules/express/lib/router/route.js",
      "function": "Route.<computed> [as get]",
      "line": 216,
      "method": "<computed> [as get]",
      "native": false
    },
    {
      "column": 19,
      "file": "/Users/bytedance/Desktop/backend(2)/backend/node_modules/express/lib/router/index.js",
      "function": "proto.<computed> [as get]",
      "line": 521,
      "method": "<computed> [as get]",
      "native": false
    },
    {
      "column": 8,
      "file": "/Users/bytedance/Desktop/backend(2)/backend/src/routes/userMemory.js",
      "function": null,
      "line": 13,
      "method": null,
      "native": false
    },
    {
      "column": 14,
      "file": "node:internal/modules/cjs/loader",
      "function": "Module._compile",
      "line": 1738,
      "method": "_compile",
      "native": false
    },
    {
      "column": 10,
      "file": "node:internal/modules/cjs/loader",
      "function": "Object..js",
      "line": 1871,
      "method": ".js",
      "native": false
    },
    {
      "column": 32,
      "file": "node:internal/modules/cjs/loader",
      "function": "Module.load",
      "line": 1470,
      "method": "load",
      "native": false
    },
    {
      "column": 12,
      "file": "node:internal/modules/cjs/loader",
      "function": "Module._load",
      "line": 1290,
      "method": "_load",
      "native": false
    },
    {
      "column": 14,
      "file": "node:diagnostics_channel",
      "function": "TracingChannel.traceSync",
      "line": 322,
      "method": "traceSync",
      "native": false
    },
    {
      "column": 24,
      "file": "node:internal/modules/cjs/loader",
      "function": "wrapModuleLoad",
      "line": 238,
      "method": null,
      "native": false
    },
    {
      "column": 12,
      "file": "node:internal/modules/cjs/loader",
      "function": "Module.require",
      "line": 1493,
      "method": "require",
      "native": false
    }
  ]
}
[2025-08-21 00:18:12.169] ERROR: uncaughtException: Route.get() requires a callback function but got a [object Undefined]
Error: Route.get() requires a callback function but got a [object Undefined]
    at Route.<computed> [as get] (/Users/bytedance/Desktop/backend(2)/backend/node_modules/express/lib/router/route.js:216:15)
    at proto.<computed> [as get] (/Users/bytedance/Desktop/backend(2)/backend/node_modules/express/lib/router/index.js:521:19)
    at Object.<anonymous> (/Users/bytedance/Desktop/backend(2)/backend/src/routes/userMemory.js:13:8)
    at Module._compile (node:internal/modules/cjs/loader:1738:14)
    at Object..js (node:internal/modules/cjs/loader:1871:10)
    at Module.load (node:internal/modules/cjs/loader:1470:32)
    at Module._load (node:internal/modules/cjs/loader:1290:12)
    at TracingChannel.traceSync (node:diagnostics_channel:322:14)
    at wrapModuleLoad (node:internal/modules/cjs/loader:238:24)
    at Module.require (node:internal/modules/cjs/loader:1493:12)
  {
  "error": {},
  "stack": "Error: Route.get() requires a callback function but got a [object Undefined]\n    at Route.<computed> [as get] (/Users/bytedance/Desktop/backend(2)/backend/node_modules/express/lib/router/route.js:216:15)\n    at proto.<computed> [as get] (/Users/bytedance/Desktop/backend(2)/backend/node_modules/express/lib/router/index.js:521:19)\n    at Object.<anonymous> (/Users/bytedance/Desktop/backend(2)/backend/src/routes/userMemory.js:13:8)\n    at Module._compile (node:internal/modules/cjs/loader:1738:14)\n    at Object..js (node:internal/modules/cjs/loader:1871:10)\n    at Module.load (node:internal/modules/cjs/loader:1470:32)\n    at Module._load (node:internal/modules/cjs/loader:1290:12)\n    at TracingChannel.traceSync (node:diagnostics_channel:322:14)\n    at wrapModuleLoad (node:internal/modules/cjs/loader:238:24)\n    at Module.require (node:internal/modules/cjs/loader:1493:12)",
  "exception": true,
  "date": "Thu Aug 21 2025 00:18:12 GMT+0800 (中国标准时间)",
  "process": {
    "pid": 28210,
    "uid": 501,
    "gid": 20,
    "cwd": "/Users/bytedance/Desktop/backend(2)/backend",
    "execPath": "/opt/homebrew/Cellar/node/24.5.0/bin/node",
    "version": "v24.5.0",
    "argv": [
      "/opt/homebrew/Cellar/node/24.5.0/bin/node",
      "/Users/bytedance/Desktop/backend(2)/backend/server.js"
    ],
    "memoryUsage": {
      "rss": 99713024,
      "heapTotal": 60833792,
      "heapUsed": 30125616,
      "external": 21588380,
      "arrayBuffers": 18264729
    }
  },
  "os": {
    "loadavg": [
      4.576171875,
      4.73876953125,
      4.57568359375
    ],
    "uptime": 93684
  },
  "trace": [
    {
      "column": 15,
      "file": "/Users/bytedance/Desktop/backend(2)/backend/node_modules/express/lib/router/route.js",
      "function": "Route.<computed> [as get]",
      "line": 216,
      "method": "<computed> [as get]",
      "native": false
    },
    {
      "column": 19,
      "file": "/Users/bytedance/Desktop/backend(2)/backend/node_modules/express/lib/router/index.js",
      "function": "proto.<computed> [as get]",
      "line": 521,
      "method": "<computed> [as get]",
      "native": false
    },
    {
      "column": 8,
      "file": "/Users/bytedance/Desktop/backend(2)/backend/src/routes/userMemory.js",
      "function": null,
      "line": 13,
      "method": null,
      "native": false
    },
    {
      "column": 14,
      "file": "node:internal/modules/cjs/loader",
      "function": "Module._compile",
      "line": 1738,
      "method": "_compile",
      "native": false
    },
    {
      "column": 10,
      "file": "node:internal/modules/cjs/loader",
      "function": "Object..js",
      "line": 1871,
      "method": ".js",
      "native": false
    },
    {
      "column": 32,
      "file": "node:internal/modules/cjs/loader",
      "function": "Module.load",
      "line": 1470,
      "method": "load",
      "native": false
    },
    {
      "column": 12,
      "file": "node:internal/modules/cjs/loader",
      "function": "Module._load",
      "line": 1290,
      "method": "_load",
      "native": false
    },
    {
      "column": 14,
      "file": "node:diagnostics_channel",
      "function": "TracingChannel.traceSync",
      "line": 322,
      "method": "traceSync",
      "native": false
    },
    {
      "column": 24,
      "file": "node:internal/modules/cjs/loader",
      "function": "wrapModuleLoad",
      "line": 238,
      "method": null,
      "native": false
    },
    {
      "column": 12,
      "file": "node:internal/modules/cjs/loader",
      "function": "Module.require",
      "line": 1493,
      "method": "require",
      "native": false
    }
  ]
}
[2025-08-21 00:53:44.633] ERROR: uncaughtException: Cannot find module '../utils/logger'
Require stack:
- /Users/bytedance/Desktop/backend(2)/backend/src/controllers/longTermMemoryController.js
- /Users/bytedance/Desktop/backend(2)/backend/src/routes/longTermMemoryRoutes.js
- /Users/bytedance/Desktop/backend(2)/backend/src/app.js
- /Users/bytedance/Desktop/backend(2)/backend/server.js
Error: Cannot find module '../utils/logger'
Require stack:
- /Users/bytedance/Desktop/backend(2)/backend/src/controllers/longTermMemoryController.js
- /Users/bytedance/Desktop/backend(2)/backend/src/routes/longTermMemoryRoutes.js
- /Users/bytedance/Desktop/backend(2)/backend/src/app.js
- /Users/bytedance/Desktop/backend(2)/backend/server.js
    at Module._resolveFilename (node:internal/modules/cjs/loader:1410:15)
    at defaultResolveImpl (node:internal/modules/cjs/loader:1051:19)
    at resolveForCJSWithHooks (node:internal/modules/cjs/loader:1056:22)
    at Module._load (node:internal/modules/cjs/loader:1219:37)
    at TracingChannel.traceSync (node:diagnostics_channel:322:14)
    at wrapModuleLoad (node:internal/modules/cjs/loader:238:24)
    at Module.require (node:internal/modules/cjs/loader:1493:12)
    at require (node:internal/modules/helpers:152:16)
    at Object.<anonymous> (/Users/bytedance/Desktop/backend(2)/backend/src/controllers/longTermMemoryController.js:5:16)
    at Module._compile (node:internal/modules/cjs/loader:1738:14)
  {
  "error": {
    "code": "MODULE_NOT_FOUND",
    "requireStack": [
      "/Users/bytedance/Desktop/backend(2)/backend/src/controllers/longTermMemoryController.js",
      "/Users/bytedance/Desktop/backend(2)/backend/src/routes/longTermMemoryRoutes.js",
      "/Users/bytedance/Desktop/backend(2)/backend/src/app.js",
      "/Users/bytedance/Desktop/backend(2)/backend/server.js"
    ]
  },
  "stack": "Error: Cannot find module '../utils/logger'\nRequire stack:\n- /Users/bytedance/Desktop/backend(2)/backend/src/controllers/longTermMemoryController.js\n- /Users/bytedance/Desktop/backend(2)/backend/src/routes/longTermMemoryRoutes.js\n- /Users/bytedance/Desktop/backend(2)/backend/src/app.js\n- /Users/bytedance/Desktop/backend(2)/backend/server.js\n    at Module._resolveFilename (node:internal/modules/cjs/loader:1410:15)\n    at defaultResolveImpl (node:internal/modules/cjs/loader:1051:19)\n    at resolveForCJSWithHooks (node:internal/modules/cjs/loader:1056:22)\n    at Module._load (node:internal/modules/cjs/loader:1219:37)\n    at TracingChannel.traceSync (node:diagnostics_channel:322:14)\n    at wrapModuleLoad (node:internal/modules/cjs/loader:238:24)\n    at Module.require (node:internal/modules/cjs/loader:1493:12)\n    at require (node:internal/modules/helpers:152:16)\n    at Object.<anonymous> (/Users/bytedance/Desktop/backend(2)/backend/src/controllers/longTermMemoryController.js:5:16)\n    at Module._compile (node:internal/modules/cjs/loader:1738:14)",
  "exception": true,
  "date": "Thu Aug 21 2025 00:53:44 GMT+0800 (中国标准时间)",
  "process": {
    "pid": 51672,
    "uid": 501,
    "gid": 20,
    "cwd": "/Users/bytedance/Desktop/backend(2)/backend",
    "execPath": "/opt/homebrew/Cellar/node/24.5.0/bin/node",
    "version": "v24.5.0",
    "argv": [
      "/opt/homebrew/Cellar/node/24.5.0/bin/node",
      "/Users/bytedance/Desktop/backend(2)/backend/server.js"
    ],
    "memoryUsage": {
      "rss": 99713024,
      "heapTotal": 62930944,
      "heapUsed": 41478664,
      "external": 21683364,
      "arrayBuffers": 18264987
    }
  },
  "os": {
    "loadavg": [
      4.201171875,
      4.5400390625,
      4.4033203125
    ],
    "uptime": 95816
  },
  "trace": [
    {
      "column": 15,
      "file": "node:internal/modules/cjs/loader",
      "function": "Module._resolveFilename",
      "line": 1410,
      "method": "_resolveFilename",
      "native": false
    },
    {
      "column": 19,
      "file": "node:internal/modules/cjs/loader",
      "function": "defaultResolveImpl",
      "line": 1051,
      "method": null,
      "native": false
    },
    {
      "column": 22,
      "file": "node:internal/modules/cjs/loader",
      "function": "resolveForCJSWithHooks",
      "line": 1056,
      "method": null,
      "native": false
    },
    {
      "column": 37,
      "file": "node:internal/modules/cjs/loader",
      "function": "Module._load",
      "line": 1219,
      "method": "_load",
      "native": false
    },
    {
      "column": 14,
      "file": "node:diagnostics_channel",
      "function": "TracingChannel.traceSync",
      "line": 322,
      "method": "traceSync",
      "native": false
    },
    {
      "column": 24,
      "file": "node:internal/modules/cjs/loader",
      "function": "wrapModuleLoad",
      "line": 238,
      "method": null,
      "native": false
    },
    {
      "column": 12,
      "file": "node:internal/modules/cjs/loader",
      "function": "Module.require",
      "line": 1493,
      "method": "require",
      "native": false
    },
    {
      "column": 16,
      "file": "node:internal/modules/helpers",
      "function": "require",
      "line": 152,
      "method": null,
      "native": false
    },
    {
      "column": 16,
      "file": "/Users/bytedance/Desktop/backend(2)/backend/src/controllers/longTermMemoryController.js",
      "function": null,
      "line": 5,
      "method": null,
      "native": false
    },
    {
      "column": 14,
      "file": "node:internal/modules/cjs/loader",
      "function": "Module._compile",
      "line": 1738,
      "method": "_compile",
      "native": false
    }
  ]
}
[2025-08-21 00:53:58.739] ERROR: uncaughtException: Cannot find module '../utils/logger'
Require stack:
- /Users/bytedance/Desktop/backend(2)/backend/src/routes/longTermMemoryRoutes.js
- /Users/bytedance/Desktop/backend(2)/backend/src/app.js
- /Users/bytedance/Desktop/backend(2)/backend/server.js
Error: Cannot find module '../utils/logger'
Require stack:
- /Users/bytedance/Desktop/backend(2)/backend/src/routes/longTermMemoryRoutes.js
- /Users/bytedance/Desktop/backend(2)/backend/src/app.js
- /Users/bytedance/Desktop/backend(2)/backend/server.js
    at Module._resolveFilename (node:internal/modules/cjs/loader:1410:15)
    at defaultResolveImpl (node:internal/modules/cjs/loader:1051:19)
    at resolveForCJSWithHooks (node:internal/modules/cjs/loader:1056:22)
    at Module._load (node:internal/modules/cjs/loader:1219:37)
    at TracingChannel.traceSync (node:diagnostics_channel:322:14)
    at wrapModuleLoad (node:internal/modules/cjs/loader:238:24)
    at Module.require (node:internal/modules/cjs/loader:1493:12)
    at require (node:internal/modules/helpers:152:16)
    at Object.<anonymous> (/Users/bytedance/Desktop/backend(2)/backend/src/routes/longTermMemoryRoutes.js:11:16)
    at Module._compile (node:internal/modules/cjs/loader:1738:14)
  {
  "error": {
    "code": "MODULE_NOT_FOUND",
    "requireStack": [
      "/Users/bytedance/Desktop/backend(2)/backend/src/routes/longTermMemoryRoutes.js",
      "/Users/bytedance/Desktop/backend(2)/backend/src/app.js",
      "/Users/bytedance/Desktop/backend(2)/backend/server.js"
    ]
  },
  "stack": "Error: Cannot find module '../utils/logger'\nRequire stack:\n- /Users/bytedance/Desktop/backend(2)/backend/src/routes/longTermMemoryRoutes.js\n- /Users/bytedance/Desktop/backend(2)/backend/src/app.js\n- /Users/bytedance/Desktop/backend(2)/backend/server.js\n    at Module._resolveFilename (node:internal/modules/cjs/loader:1410:15)\n    at defaultResolveImpl (node:internal/modules/cjs/loader:1051:19)\n    at resolveForCJSWithHooks (node:internal/modules/cjs/loader:1056:22)\n    at Module._load (node:internal/modules/cjs/loader:1219:37)\n    at TracingChannel.traceSync (node:diagnostics_channel:322:14)\n    at wrapModuleLoad (node:internal/modules/cjs/loader:238:24)\n    at Module.require (node:internal/modules/cjs/loader:1493:12)\n    at require (node:internal/modules/helpers:152:16)\n    at Object.<anonymous> (/Users/bytedance/Desktop/backend(2)/backend/src/routes/longTermMemoryRoutes.js:11:16)\n    at Module._compile (node:internal/modules/cjs/loader:1738:14)",
  "exception": true,
  "date": "Thu Aug 21 2025 00:53:58 GMT+0800 (中国标准时间)",
  "process": {
    "pid": 51896,
    "uid": 501,
    "gid": 20,
    "cwd": "/Users/bytedance/Desktop/backend(2)/backend",
    "execPath": "/opt/homebrew/Cellar/node/24.5.0/bin/node",
    "version": "v24.5.0",
    "argv": [
      "/opt/homebrew/Cellar/node/24.5.0/bin/node",
      "/Users/bytedance/Desktop/backend(2)/backend/server.js"
    ],
    "memoryUsage": {
      "rss": 107479040,
      "heapTotal": 63193088,
      "heapUsed": 41368840,
      "external": 21683364,
      "arrayBuffers": 18264987
    }
  },
  "os": {
    "loadavg": [
      4.14306640625,
      4.51220703125,
      4.39599609375
    ],
    "uptime": 95830
  },
  "trace": [
    {
      "column": 15,
      "file": "node:internal/modules/cjs/loader",
      "function": "Module._resolveFilename",
      "line": 1410,
      "method": "_resolveFilename",
      "native": false
    },
    {
      "column": 19,
      "file": "node:internal/modules/cjs/loader",
      "function": "defaultResolveImpl",
      "line": 1051,
      "method": null,
      "native": false
    },
    {
      "column": 22,
      "file": "node:internal/modules/cjs/loader",
      "function": "resolveForCJSWithHooks",
      "line": 1056,
      "method": null,
      "native": false
    },
    {
      "column": 37,
      "file": "node:internal/modules/cjs/loader",
      "function": "Module._load",
      "line": 1219,
      "method": "_load",
      "native": false
    },
    {
      "column": 14,
      "file": "node:diagnostics_channel",
      "function": "TracingChannel.traceSync",
      "line": 322,
      "method": "traceSync",
      "native": false
    },
    {
      "column": 24,
      "file": "node:internal/modules/cjs/loader",
      "function": "wrapModuleLoad",
      "line": 238,
      "method": null,
      "native": false
    },
    {
      "column": 12,
      "file": "node:internal/modules/cjs/loader",
      "function": "Module.require",
      "line": 1493,
      "method": "require",
      "native": false
    },
    {
      "column": 16,
      "file": "node:internal/modules/helpers",
      "function": "require",
      "line": 152,
      "method": null,
      "native": false
    },
    {
      "column": 16,
      "file": "/Users/bytedance/Desktop/backend(2)/backend/src/routes/longTermMemoryRoutes.js",
      "function": null,
      "line": 11,
      "method": null,
      "native": false
    },
    {
      "column": 14,
      "file": "node:internal/modules/cjs/loader",
      "function": "Module._compile",
      "line": 1738,
      "method": "_compile",
      "native": false
    }
  ]
}
[2025-08-21 00:54:13.146] ERROR: uncaughtException: Route.get() requires a callback function but got a [object Object]
Error: Route.get() requires a callback function but got a [object Object]
    at Route.<computed> [as get] (/Users/bytedance/Desktop/backend(2)/backend/node_modules/express/lib/router/route.js:216:15)
    at proto.<computed> [as get] (/Users/bytedance/Desktop/backend(2)/backend/node_modules/express/lib/router/index.js:521:19)
    at Object.<anonymous> (/Users/bytedance/Desktop/backend(2)/backend/src/routes/longTermMemoryRoutes.js:29:8)
    at Module._compile (node:internal/modules/cjs/loader:1738:14)
    at Object..js (node:internal/modules/cjs/loader:1871:10)
    at Module.load (node:internal/modules/cjs/loader:1470:32)
    at Module._load (node:internal/modules/cjs/loader:1290:12)
    at TracingChannel.traceSync (node:diagnostics_channel:322:14)
    at wrapModuleLoad (node:internal/modules/cjs/loader:238:24)
    at Module.require (node:internal/modules/cjs/loader:1493:12)
  {
  "error": {},
  "stack": "Error: Route.get() requires a callback function but got a [object Object]\n    at Route.<computed> [as get] (/Users/bytedance/Desktop/backend(2)/backend/node_modules/express/lib/router/route.js:216:15)\n    at proto.<computed> [as get] (/Users/bytedance/Desktop/backend(2)/backend/node_modules/express/lib/router/index.js:521:19)\n    at Object.<anonymous> (/Users/bytedance/Desktop/backend(2)/backend/src/routes/longTermMemoryRoutes.js:29:8)\n    at Module._compile (node:internal/modules/cjs/loader:1738:14)\n    at Object..js (node:internal/modules/cjs/loader:1871:10)\n    at Module.load (node:internal/modules/cjs/loader:1470:32)\n    at Module._load (node:internal/modules/cjs/loader:1290:12)\n    at TracingChannel.traceSync (node:diagnostics_channel:322:14)\n    at wrapModuleLoad (node:internal/modules/cjs/loader:238:24)\n    at Module.require (node:internal/modules/cjs/loader:1493:12)",
  "exception": true,
  "date": "Thu Aug 21 2025 00:54:13 GMT+0800 (中国标准时间)",
  "process": {
    "pid": 52126,
    "uid": 501,
    "gid": 20,
    "cwd": "/Users/bytedance/Desktop/backend(2)/backend",
    "execPath": "/opt/homebrew/Cellar/node/24.5.0/bin/node",
    "version": "v24.5.0",
    "argv": [
      "/opt/homebrew/Cellar/node/24.5.0/bin/node",
      "/Users/bytedance/Desktop/backend(2)/backend/server.js"
    ],
    "memoryUsage": {
      "rss": 108969984,
      "heapTotal": 62668800,
      "heapUsed": 41533704,
      "external": 21683364,
      "arrayBuffers": 18264987
    }
  },
  "os": {
    "loadavg": [
      4.337890625,
      4.53564453125,
      4.40625
    ],
    "uptime": 95845
  },
  "trace": [
    {
      "column": 15,
      "file": "/Users/bytedance/Desktop/backend(2)/backend/node_modules/express/lib/router/route.js",
      "function": "Route.<computed> [as get]",
      "line": 216,
      "method": "<computed> [as get]",
      "native": false
    },
    {
      "column": 19,
      "file": "/Users/bytedance/Desktop/backend(2)/backend/node_modules/express/lib/router/index.js",
      "function": "proto.<computed> [as get]",
      "line": 521,
      "method": "<computed> [as get]",
      "native": false
    },
    {
      "column": 8,
      "file": "/Users/bytedance/Desktop/backend(2)/backend/src/routes/longTermMemoryRoutes.js",
      "function": null,
      "line": 29,
      "method": null,
      "native": false
    },
    {
      "column": 14,
      "file": "node:internal/modules/cjs/loader",
      "function": "Module._compile",
      "line": 1738,
      "method": "_compile",
      "native": false
    },
    {
      "column": 10,
      "file": "node:internal/modules/cjs/loader",
      "function": "Object..js",
      "line": 1871,
      "method": ".js",
      "native": false
    },
    {
      "column": 32,
      "file": "node:internal/modules/cjs/loader",
      "function": "Module.load",
      "line": 1470,
      "method": "load",
      "native": false
    },
    {
      "column": 12,
      "file": "node:internal/modules/cjs/loader",
      "function": "Module._load",
      "line": 1290,
      "method": "_load",
      "native": false
    },
    {
      "column": 14,
      "file": "node:diagnostics_channel",
      "function": "TracingChannel.traceSync",
      "line": 322,
      "method": "traceSync",
      "native": false
    },
    {
      "column": 24,
      "file": "node:internal/modules/cjs/loader",
      "function": "wrapModuleLoad",
      "line": 238,
      "method": null,
      "native": false
    },
    {
      "column": 12,
      "file": "node:internal/modules/cjs/loader",
      "function": "Module.require",
      "line": 1493,
      "method": "require",
      "native": false
    }
  ]
}
