[2025-08-20 04:03:19.241] ERROR: unhandledRejection: connectDB is not a function
TypeError: connectDB is not a function
    at TaskCreationTest.initializeDatabase (/Users/bytedance/Desktop/backend(1) 3/backend/src/AIsiri/tests/task-creation-test.js:67:13)
    at TaskCreationTest.runAllTests (/Users/bytedance/Desktop/backend(1) 3/backend/src/AIsiri/tests/task-creation-test.js:93:16)
    at Object.<anonymous> (/Users/bytedance/Desktop/backend(1) 3/backend/src/AIsiri/tests/task-creation-test.js:259:10)
    at Module._compile (node:internal/modules/cjs/loader:1738:14)
    at Object..js (node:internal/modules/cjs/loader:1871:10)
    at Module.load (node:internal/modules/cjs/loader:1470:32)
    at Module._load (node:internal/modules/cjs/loader:1290:12)
    at TracingChannel.traceSync (node:diagnostics_channel:322:14)
    at wrapModuleLoad (node:internal/modules/cjs/loader:238:24)
    at Module.executeUserEntryPoint [as runMain] (node:internal/modules/run_main:154:5)
  {
  "error": {},
  "stack": "TypeError: connectDB is not a function\n    at TaskCreationTest.initializeDatabase (/Users/bytedance/Desktop/backend(1) 3/backend/src/AIsiri/tests/task-creation-test.js:67:13)\n    at TaskCreationTest.runAllTests (/Users/bytedance/Desktop/backend(1) 3/backend/src/AIsiri/tests/task-creation-test.js:93:16)\n    at Object.<anonymous> (/Users/bytedance/Desktop/backend(1) 3/backend/src/AIsiri/tests/task-creation-test.js:259:10)\n    at Module._compile (node:internal/modules/cjs/loader:1738:14)\n    at Object..js (node:internal/modules/cjs/loader:1871:10)\n    at Module.load (node:internal/modules/cjs/loader:1470:32)\n    at Module._load (node:internal/modules/cjs/loader:1290:12)\n    at TracingChannel.traceSync (node:diagnostics_channel:322:14)\n    at wrapModuleLoad (node:internal/modules/cjs/loader:238:24)\n    at Module.executeUserEntryPoint [as runMain] (node:internal/modules/run_main:154:5)",
  "rejection": true,
  "date": "Wed Aug 20 2025 04:03:19 GMT+0800 (中国标准时间)",
  "process": {
    "pid": 13019,
    "uid": 501,
    "gid": 20,
    "cwd": "/Users/bytedance/Desktop/backend(1) 3/backend",
    "execPath": "/opt/homebrew/Cellar/node/24.5.0/bin/node",
    "version": "v24.5.0",
    "argv": [
      "/opt/homebrew/Cellar/node/24.5.0/bin/node",
      "/Users/bytedance/Desktop/backend(1) 3/backend/src/AIsiri/tests/task-creation-test.js"
    ],
    "memoryUsage": {
      "rss": 108609536,
      "heapTotal": 61571072,
      "heapUsed": 41922616,
      "external": 39834304,
      "arrayBuffers": 36510653
    }
  },
  "os": {
    "loadavg": [
      6.79443359375,
      5.8251953125,
      4.7275390625
    ],
    "uptime": 20791
  },
  "trace": [
    {
      "column": 13,
      "file": "/Users/bytedance/Desktop/backend(1) 3/backend/src/AIsiri/tests/task-creation-test.js",
      "function": "TaskCreationTest.initializeDatabase",
      "line": 67,
      "method": "initializeDatabase",
      "native": false
    },
    {
      "column": 16,
      "file": "/Users/bytedance/Desktop/backend(1) 3/backend/src/AIsiri/tests/task-creation-test.js",
      "function": "TaskCreationTest.runAllTests",
      "line": 93,
      "method": "runAllTests",
      "native": false
    },
    {
      "column": 10,
      "file": "/Users/bytedance/Desktop/backend(1) 3/backend/src/AIsiri/tests/task-creation-test.js",
      "function": null,
      "line": 259,
      "method": null,
      "native": false
    },
    {
      "column": 14,
      "file": "node:internal/modules/cjs/loader",
      "function": "Module._compile",
      "line": 1738,
      "method": "_compile",
      "native": false
    },
    {
      "column": 10,
      "file": "node:internal/modules/cjs/loader",
      "function": "Object..js",
      "line": 1871,
      "method": ".js",
      "native": false
    },
    {
      "column": 32,
      "file": "node:internal/modules/cjs/loader",
      "function": "Module.load",
      "line": 1470,
      "method": "load",
      "native": false
    },
    {
      "column": 12,
      "file": "node:internal/modules/cjs/loader",
      "function": "Module._load",
      "line": 1290,
      "method": "_load",
      "native": false
    },
    {
      "column": 14,
      "file": "node:diagnostics_channel",
      "function": "TracingChannel.traceSync",
      "line": 322,
      "method": "traceSync",
      "native": false
    },
    {
      "column": 24,
      "file": "node:internal/modules/cjs/loader",
      "function": "wrapModuleLoad",
      "line": 238,
      "method": null,
      "native": false
    },
    {
      "column": 5,
      "file": "node:internal/modules/run_main",
      "function": "Module.executeUserEntryPoint [as runMain]",
      "line": 154,
      "method": "executeUserEntryPoint [as runMain]",
      "native": false
    }
  ]
}
[2025-08-20 04:04:20.010] ERROR: unhandledRejection: connectDB is not a function
TypeError: connectDB is not a function
    at TaskCreationTest.initializeDatabase (/Users/bytedance/Desktop/backend(1) 3/backend/src/AIsiri/tests/task-creation-test.js:67:13)
    at TaskCreationTest.runAllTests (/Users/bytedance/Desktop/backend(1) 3/backend/src/AIsiri/tests/task-creation-test.js:93:16)
    at Object.<anonymous> (/Users/bytedance/Desktop/backend(1) 3/backend/src/AIsiri/tests/task-creation-test.js:259:10)
    at Module._compile (node:internal/modules/cjs/loader:1738:14)
    at Object..js (node:internal/modules/cjs/loader:1871:10)
    at Module.load (node:internal/modules/cjs/loader:1470:32)
    at Module._load (node:internal/modules/cjs/loader:1290:12)
    at TracingChannel.traceSync (node:diagnostics_channel:322:14)
    at wrapModuleLoad (node:internal/modules/cjs/loader:238:24)
    at Module.executeUserEntryPoint [as runMain] (node:internal/modules/run_main:154:5)
  {
  "error": {},
  "stack": "TypeError: connectDB is not a function\n    at TaskCreationTest.initializeDatabase (/Users/bytedance/Desktop/backend(1) 3/backend/src/AIsiri/tests/task-creation-test.js:67:13)\n    at TaskCreationTest.runAllTests (/Users/bytedance/Desktop/backend(1) 3/backend/src/AIsiri/tests/task-creation-test.js:93:16)\n    at Object.<anonymous> (/Users/bytedance/Desktop/backend(1) 3/backend/src/AIsiri/tests/task-creation-test.js:259:10)\n    at Module._compile (node:internal/modules/cjs/loader:1738:14)\n    at Object..js (node:internal/modules/cjs/loader:1871:10)\n    at Module.load (node:internal/modules/cjs/loader:1470:32)\n    at Module._load (node:internal/modules/cjs/loader:1290:12)\n    at TracingChannel.traceSync (node:diagnostics_channel:322:14)\n    at wrapModuleLoad (node:internal/modules/cjs/loader:238:24)\n    at Module.executeUserEntryPoint [as runMain] (node:internal/modules/run_main:154:5)",
  "rejection": true,
  "date": "Wed Aug 20 2025 04:04:20 GMT+0800 (中国标准时间)",
  "process": {
    "pid": 14761,
    "uid": 501,
    "gid": 20,
    "cwd": "/Users/bytedance/Desktop/backend(1) 3/backend",
    "execPath": "/opt/homebrew/Cellar/node/24.5.0/bin/node",
    "version": "v24.5.0",
    "argv": [
      "/opt/homebrew/Cellar/node/24.5.0/bin/node",
      "/Users/bytedance/Desktop/backend(1) 3/backend/src/AIsiri/tests/task-creation-test.js"
    ],
    "memoryUsage": {
      "rss": 108396544,
      "heapTotal": 61571072,
      "heapUsed": 42010600,
      "external": 39834304,
      "arrayBuffers": 36510653
    }
  },
  "os": {
    "loadavg": [
      5.212890625,
      5.59765625,
      4.71923828125
    ],
    "uptime": 20852
  },
  "trace": [
    {
      "column": 13,
      "file": "/Users/bytedance/Desktop/backend(1) 3/backend/src/AIsiri/tests/task-creation-test.js",
      "function": "TaskCreationTest.initializeDatabase",
      "line": 67,
      "method": "initializeDatabase",
      "native": false
    },
    {
      "column": 16,
      "file": "/Users/bytedance/Desktop/backend(1) 3/backend/src/AIsiri/tests/task-creation-test.js",
      "function": "TaskCreationTest.runAllTests",
      "line": 93,
      "method": "runAllTests",
      "native": false
    },
    {
      "column": 10,
      "file": "/Users/bytedance/Desktop/backend(1) 3/backend/src/AIsiri/tests/task-creation-test.js",
      "function": null,
      "line": 259,
      "method": null,
      "native": false
    },
    {
      "column": 14,
      "file": "node:internal/modules/cjs/loader",
      "function": "Module._compile",
      "line": 1738,
      "method": "_compile",
      "native": false
    },
    {
      "column": 10,
      "file": "node:internal/modules/cjs/loader",
      "function": "Object..js",
      "line": 1871,
      "method": ".js",
      "native": false
    },
    {
      "column": 32,
      "file": "node:internal/modules/cjs/loader",
      "function": "Module.load",
      "line": 1470,
      "method": "load",
      "native": false
    },
    {
      "column": 12,
      "file": "node:internal/modules/cjs/loader",
      "function": "Module._load",
      "line": 1290,
      "method": "_load",
      "native": false
    },
    {
      "column": 14,
      "file": "node:diagnostics_channel",
      "function": "TracingChannel.traceSync",
      "line": 322,
      "method": "traceSync",
      "native": false
    },
    {
      "column": 24,
      "file": "node:internal/modules/cjs/loader",
      "function": "wrapModuleLoad",
      "line": 238,
      "method": null,
      "native": false
    },
    {
      "column": 5,
      "file": "node:internal/modules/run_main",
      "function": "Module.executeUserEntryPoint [as runMain]",
      "line": 154,
      "method": "executeUserEntryPoint [as runMain]",
      "native": false
    }
  ]
}
